<?xml version="1.0" encoding="UTF-8"?>
<testng-results ignored="0" total="2" passed="2" failed="0" skipped="0">
  <reporter-output>
  </reporter-output>
  <suite started-at="2022-10-07T22:05:13 CDT" name="Default suite" finished-at="2022-10-07T22:05:38 CDT" duration-ms="24933">
    <groups>
    </groups>
    <test started-at="2022-10-07T22:05:13 CDT" name="Default test" finished-at="2022-10-07T22:05:38 CDT" duration-ms="24933">
      <class name="Datadriven.Datadriventest">
        <test-method signature="loginTest(java.lang.String,java.lang.String,java.lang.String,java.lang.String)[pri:0, instance:Datadriven.Datadriventest@8f2ef19]" started-at="2022-10-07T22:05:15 CDT" name="loginTest" data-provider="Logindata" finished-at="2022-10-07T22:05:27 CDT" duration-ms="12113" status="PASS">
          <params>
            <param index="0">
              <value>
                <![CDATA[sai@gmail.com]]>
              </value>
            </param>
            <param index="1">
              <value>
                <![CDATA[admin]]>
              </value>
            </param>
            <param index="2">
              <value>
                <![CDATA[admin]]>
              </value>
            </param>
            <param index="3">
              <value>
                <![CDATA[valid]]>
              </value>
            </param>
          </params>
          <reporter-output>
          </reporter-output>
        </test-method> <!-- loginTest -->
        <test-method signature="loginTest(java.lang.String,java.lang.String,java.lang.String,java.lang.String)[pri:0, instance:Datadriven.Datadriventest@8f2ef19]" started-at="2022-10-07T22:05:27 CDT" name="loginTest" data-provider="Logindata" finished-at="2022-10-07T22:05:38 CDT" duration-ms="10570" status="PASS">
          <params>
            <param index="0">
              <value>
                <![CDATA[sais@gmail.com]]>
              </value>
            </param>
            <param index="1">
              <value>
                <![CDATA[admina]]>
              </value>
            </param>
            <param index="2">
              <value>
                <![CDATA[admina]]>
              </value>
            </param>
            <param index="3">
              <value>
                <![CDATA[invalid]]>
              </value>
            </param>
          </params>
          <reporter-output>
          </reporter-output>
        </test-method> <!-- loginTest -->
        <test-method is-config="true" signature="tearDown()[pri:0, instance:Datadriven.Datadriventest@8f2ef19]" started-at="2022-10-07T22:05:38 CDT" name="tearDown" finished-at="2022-10-07T22:05:38 CDT" duration-ms="259" status="PASS">
          <reporter-output>
          </reporter-output>
        </test-method> <!-- tearDown -->
      </class> <!-- Datadriven.Datadriventest -->
    </test> <!-- Default test -->
  </suite> <!-- Default suite -->
</testng-results>
